<?xml version="1.0" encoding="UTF-8"?>
<Site BuildName="Win32-mingw32-make"
	BuildStamp="20240318-1609-Experimental"
	Name="Laptop_Marcus"
	Generator="ctest-3.29.0-rc3"
	CompilerName="C:/MinGW/bin/g++.exe"
	CompilerVersion="6.3.0"
	OSName="Windows"
	Hostname="Laptop_Marcus"
	OSRelease=" Professional"
	OSVersion=" (Build 22631)"
	OSPlatform="AMD64"
	Is64Bits="1"
	VendorString="AuthenticAMD"
	VendorID="Advanced Micro Devices"
	FamilyID="15"
	ModelID="0"
	ProcessorCacheSize="64"
	NumberOfLogicalCPU="8"
	NumberOfPhysicalCPU="8"
	TotalVirtualMemory="18173"
	TotalPhysicalMemory="15741"
	LogicalProcessorsPerPhysical="1"
	ProcessorClockFrequency="1996"
	>
	<Testing>
		<StartDateTime>Mar 18 18:09 GTB Standard Time</StartDateTime>
		<StartTestTime>1710778175</StartTestTime>
		<TestList/>
		<EndDateTime>Mar 18 18:09 GTB Standard Time</EndDateTime>
		<EndTestTime>1710778175</EndTestTime>
		<ElapsedMinutes>0</ElapsedMinutes>
	</Testing>
</Site>
